<?xml version="1.0" encoding="UTF-8"?>
<testsuite xmlns:xsi="http://www.w3.org/2001/XMLSchema-instance" xsi:noNamespaceSchemaLocation="https://maven.apache.org/surefire/maven-surefire-plugin/xsd/surefire-test-report-3.0.xsd" version="3.0" name="com.oubari.productservice.ProductServiceApplicationTests" time="1184.331" tests="2" errors="0" skipped="0" failures="0">
  <properties>
[...]
</properties>
  <testcase name="shouldCreatedProduct" classname="com.oubari.productservice.ProductServiceApplicationTests" time="4.894">
    <system-out><![CDATA[07:23:04.891 [main] INFO org.springframework.test.context.support.AnnotationConfigContextLoaderUtils -- Could not detect default configuration classes for test class [com.oubari.productservice.ProductServiceApplicationTests]: ProductServiceApplicationTests does not declare any static, non-private, non-final, nested classes annotated with @Configuration.
07:23:05.325 [main] INFO org.springframework.boot.test.context.SpringBootTestContextBootstrapper -- Found @SpringBootConfiguration com.oubari.productservice.ProductServiceApplication for test class com.oubari.productservice.ProductServiceApplicationTests
07:23:05.868 [main] INFO org.testcontainers.images.PullPolicy -- Image pull policy will be performed by: DefaultPullPolicy()
07:23:05.874 [main] INFO org.testcontainers.utility.ImageNameSubstitutor -- Image name substitution will be performed by: DefaultImageNameSubstitutor (composite of 'ConfigurationFileImageNameSubstitutor' and 'PrefixingImageNameSubstitutor')
07:23:06.696 [main] INFO org.testcontainers.dockerclient.DockerClientProviderStrategy -- Loaded org.testcontainers.dockerclient.NpipeSocketClientProviderStrategy from ~/.testcontainers.properties, will try it first
07:42:12.428 [main] INFO org.testcontainers.dockerclient.DockerClientProviderStrategy -- Found Docker environment with local Npipe socket (npipe:////./pipe/docker_engine)
07:42:12.437 [main] INFO org.testcontainers.DockerClientFactory -- Docker host IP address is localhost
07:42:12.760 [main] INFO org.testcontainers.DockerClientFactory -- Connected to docker: 
  Server Version: 25.0.3
  API Version: 1.44
  Operating System: Docker Desktop
  Total Memory: 3858 MB
07:42:13.304 [main] INFO tc.testcontainers/ryuk:0.6.0 -- Creating container for image: testcontainers/ryuk:0.6.0
07:42:16.943 [main] INFO org.testcontainers.utility.RegistryAuthLocator -- Credential helper/store (docker-credential-desktop) does not have credentials for https://index.docker.io/v1/
07:42:18.173 [main] INFO tc.testcontainers/ryuk:0.6.0 -- Container testcontainers/ryuk:0.6.0 is starting: c7d9497e97fe08df25b8a7a9dc01e89578278131f564625a408ad88de5452b29
07:42:25.478 [main] INFO tc.testcontainers/ryuk:0.6.0 -- Container testcontainers/ryuk:0.6.0 started in PT12.174859S
07:42:25.549 [main] INFO org.testcontainers.utility.RyukResourceReaper -- Ryuk started - will monitor and terminate Testcontainers containers on JVM exit
07:42:25.549 [main] INFO org.testcontainers.DockerClientFactory -- Checking the system...
07:42:25.551 [main] INFO org.testcontainers.DockerClientFactory -- ?? Docker server version should be at least 1.6.0
07:42:25.553 [main] INFO tc.mongo:4.4.2 -- Creating container for image: mongo:4.4.2
07:42:26.004 [main] INFO tc.mongo:4.4.2 -- Container mongo:4.4.2 is starting: e479e12d865b8ab3f58ea6cc717ff36ea040d8d92560e72bd5706979875b2ac1
07:42:30.332 [main] INFO tc.mongo:4.4.2 -- Container mongo:4.4.2 started in PT4.7783627S

  .   ____          _            __ _ _
 /\\ / ___'_ __ _ _(_)_ __  __ _ \ \ \ \
( ( )\___ | '_ | '_| | '_ \/ _` | \ \ \ \
 \\/  ___)| |_)| | | | | || (_| |  ) ) ) )
  '  |____| .__|_| |_|_| |_\__, | / / / /
 =========|_|==============|___/=/_/_/_/
 :: Spring Boot ::                (v3.2.3)

2024-03-17T07:42:33.341Z  INFO 15084 --- [           main] c.o.p.ProductServiceApplicationTests     : Starting ProductServiceApplicationTests using Java 17.0.9 with PID 15084 (started by El-MEHDI in C:\Users\El-MEHDI\Pictures\microservices-project\product-service)
2024-03-17T07:42:33.350Z  INFO 15084 --- [           main] c.o.p.ProductServiceApplicationTests     : No active profile set, falling back to 1 default profile: "default"
2024-03-17T07:42:35.781Z  INFO 15084 --- [           main] .s.d.r.c.RepositoryConfigurationDelegate : Bootstrapping Spring Data MongoDB repositories in DEFAULT mode.
2024-03-17T07:42:35.981Z  INFO 15084 --- [           main] .s.d.r.c.RepositoryConfigurationDelegate : Finished Spring Data repository scanning in 181 ms. Found 1 MongoDB repository interface.
2024-03-17T07:42:38.105Z  INFO 15084 --- [           main] org.mongodb.driver.client                : MongoClient with metadata {"driver": {"name": "mongo-java-driver|sync|spring-boot", "version": "4.11.1"}, "os": {"type": "Windows", "name": "Windows 10", "architecture": "amd64", "version": "10.0"}, "platform": "Java/Amazon.com Inc./17.0.9+8-LTS"} created with settings MongoClientSettings{readPreference=primary, writeConcern=WriteConcern{w=null, wTimeout=null ms, journal=null}, retryWrites=true, retryReads=true, readConcern=ReadConcern{level=null}, credential=null, transportSettings=null, streamFactoryFactory=null, commandListeners=[], codecRegistry=ProvidersCodecRegistry{codecProviders=[ValueCodecProvider{}, BsonValueCodecProvider{}, DBRefCodecProvider{}, DBObjectCodecProvider{}, DocumentCodecProvider{}, CollectionCodecProvider{}, IterableCodecProvider{}, MapCodecProvider{}, GeoJsonCodecProvider{}, GridFSFileCodecProvider{}, Jsr310CodecProvider{}, JsonObjectCodecProvider{}, BsonCodecProvider{}, EnumCodecProvider{}, com.mongodb.client.model.mql.ExpressionCodecProvider@5280688, com.mongodb.Jep395RecordCodecProvider@643f6179, com.mongodb.KotlinCodecProvider@61ab6521]}, loggerSettings=LoggerSettings{maxDocumentLength=1000}, clusterSettings={hosts=[localhost:51889], srvServiceName=mongodb, mode=SINGLE, requiredClusterType=UNKNOWN, requiredReplicaSetName='null', serverSelector='null', clusterListeners='[]', serverSelectionTimeout='30000 ms', localThreshold='15 ms'}, socketSettings=SocketSettings{connectTimeoutMS=10000, readTimeoutMS=0, receiveBufferSize=0, proxySettings=ProxySettings{host=null, port=null, username=null, password=null}}, heartbeatSocketSettings=SocketSettings{connectTimeoutMS=10000, readTimeoutMS=10000, receiveBufferSize=0, proxySettings=ProxySettings{host=null, port=null, username=null, password=null}}, connectionPoolSettings=ConnectionPoolSettings{maxSize=100, minSize=0, maxWaitTimeMS=120000, maxConnectionLifeTimeMS=0, maxConnectionIdleTimeMS=0, maintenanceInitialDelayMS=0, maintenanceFrequencyMS=60000, connectionPoolListeners=[], maxConnecting=2}, serverSettings=ServerSettings{heartbeatFrequencyMS=10000, minHeartbeatFrequencyMS=500, serverListeners='[]', serverMonitorListeners='[]'}, sslSettings=SslSettings{enabled=false, invalidHostNameAllowed=false, context=null}, applicationName='null', compressorList=[], uuidRepresentation=JAVA_LEGACY, serverApi=null, autoEncryptionSettings=null, dnsClient=null, inetAddressResolver=null, contextProvider=null}
2024-03-17T07:42:38.838Z  INFO 15084 --- [localhost:51889] org.mongodb.driver.cluster               : Monitor thread successfully connected to server with description ServerDescription{address=localhost:51889, type=REPLICA_SET_PRIMARY, state=CONNECTED, ok=true, minWireVersion=0, maxWireVersion=9, maxDocumentSize=16777216, logicalSessionTimeoutMinutes=30, roundTripTimeNanos=696199700, setName='docker-rs', canonicalAddress=e479e12d865b:27017, hosts=[e479e12d865b:27017], passives=[], arbiters=[], primary='e479e12d865b:27017', tagSet=TagSet{[]}, electionId=7fffffff0000000000000001, setVersion=1, topologyVersion=TopologyVersion{processId=65f69ee4f110bfece3bd03c8, counter=6}, lastWriteDate=Sun Mar 17 07:42:32 WET 2024, lastUpdateTimeNanos=628123927383500}
2024-03-17T07:42:42.348Z  INFO 15084 --- [           main] o.s.b.t.m.w.SpringBootMockServletContext : Initializing Spring TestDispatcherServlet ''
2024-03-17T07:42:42.348Z  INFO 15084 --- [           main] o.s.t.web.servlet.TestDispatcherServlet  : Initializing Servlet ''
2024-03-17T07:42:42.355Z  INFO 15084 --- [           main] o.s.t.web.servlet.TestDispatcherServlet  : Completed initialization in 3 ms
2024-03-17T07:42:42.500Z  INFO 15084 --- [           main] c.o.p.ProductServiceApplicationTests     : Started ProductServiceApplicationTests in 10.163 seconds (process running for 1179.481)
2024-03-17T07:42:47.171Z  INFO 15084 --- [           main] c.o.p.service.ProductService             : Product 65f69ef60b27f72911f1a004 is saved
]]></system-out>
  </testcase>
  <testcase name="getAllProduct" classname="com.oubari.productservice.ProductServiceApplicationTests" time="0.086">
    <system-out><![CDATA[2024-03-17T07:42:47.510Z  INFO 15084 --- [           main] c.o.p.controller.ProductController       : All products [ProductResponse(id=65f69ef60b27f72911f1a004, name=pc gamer , description=dell xps 13, price=312)] we have in our db are 
]]></system-out>
  </testcase>
</testsuite>